<?xml version="1.0" encoding="UTF-8"?>
<!-- Generated by org.testng.reporters.JUnitReportReporter -->
<testsuite hostname="LAPTOP-24L2M6UK" failures="0" tests="5" name="com.OrangeHRM.testcases.Logintest" time="45.208" errors="0" timestamp="2021-09-02T20:02:41 IST" skipped="3">
  <testcase classname="com.OrangeHRM.testcases.Logintest" name="dologin" time="28.125"/>
  <system-out/>
  <testcase classname="com.OrangeHRM.testcases.Logintest" name="dologin" time="0.002">
    <skipped/>
  </testcase> <!-- dologin -->
  <system-out/>
  <testcase classname="com.OrangeHRM.testcases.Logintest" name="dologin" time="0.020">
    <skipped/>
  </testcase> <!-- dologin -->
  <system-out/>
  <testcase classname="com.OrangeHRM.testcases.Logintest" name="dologin" time="0.007">
    <skipped/>
  </testcase> <!-- dologin -->
  <system-out/>
  <testcase classname="com.OrangeHRM.testcases.Logintest" name="dologin" time="17.054"/>
  <system-out/>
</testsuite> <!-- com.OrangeHRM.testcases.Logintest -->
