<?xml version="1.0" encoding="UTF-8"?>
<!-- Generated by org.testng.reporters.JUnitReportReporter -->
<testsuite hostname="LAPTOP-24L2M6UK" failures="0" tests="5" name="com.OrangeHRM.constants.TestDataFromExcel" time="0.007" errors="0" timestamp="2021-09-02T19:55:18 IST" skipped="0">
  <testcase classname="com.OrangeHRM.constants.TestDataFromExcel" name="test" time="0.005"/>
  <system-out/>
  <testcase classname="com.OrangeHRM.constants.TestDataFromExcel" name="test" time="0.001"/>
  <system-out/>
  <testcase classname="com.OrangeHRM.constants.TestDataFromExcel" name="test" time="0.000"/>
  <system-out/>
  <testcase classname="com.OrangeHRM.constants.TestDataFromExcel" name="test" time="0.000"/>
  <system-out/>
  <testcase classname="com.OrangeHRM.constants.TestDataFromExcel" name="test" time="0.001"/>
  <system-out/>
</testsuite> <!-- com.OrangeHRM.constants.TestDataFromExcel -->
